<?xml version="1.0" encoding="UTF-8" ?>
<testsuites name="vitest tests" tests="2" failures="2" errors="0" time="3.009">
    <testsuite name="src/tests/integration/workflows/user-journey-comprehensive.test.js" timestamp="2025-07-24T16:34:23.208Z" hostname="LAPTOP-J9NJ3854" tests="1" failures="1" errors="0" skipped="0" time="0">
        <testcase classname="src/tests/integration/workflows/user-journey-comprehensive.test.js" name="src/tests/integration/workflows/user-journey-comprehensive.test.js" time="0">
            <failure message="Failed to parse source for import analysis because the content contains invalid JS syntax. If you are using JSX, make sure to name the file with the .jsx or .tsx extension." type="Error">
Error: Failed to parse source for import analysis because the content contains invalid JS syntax. If you are using JSX, make sure to name the file with the .jsx or .tsx extension.
 ❯ TransformPluginContext._formatError node_modules/vite/dist/node/chunks/dep-C6uTJdX2.js:49258:41
 ❯ TransformPluginContext.error node_modules/vite/dist/node/chunks/dep-C6uTJdX2.js:49253:16
 ❯ TransformPluginContext.transform node_modules/vite/dist/node/chunks/dep-C6uTJdX2.js:64243:14
 ❯ PluginContainer.transform node_modules/vite/dist/node/chunks/dep-C6uTJdX2.js:49099:18
 ❯ loadAndTransform node_modules/vite/dist/node/chunks/dep-C6uTJdX2.js:51977:27
            </failure>
        </testcase>
    </testsuite>
    <testsuite name="src/tests/e2e/workflows/user-journey-comprehensive.test.js" timestamp="2025-07-24T16:34:23.211Z" hostname="LAPTOP-J9NJ3854" tests="1" failures="1" errors="0" skipped="0" time="0">
        <testcase classname="src/tests/e2e/workflows/user-journey-comprehensive.test.js" name="src/tests/e2e/workflows/user-journey-comprehensive.test.js" time="0">
            <failure message="Playwright Test did not expect test.describe() to be called here.
Most common reasons include:
- You are calling test.describe() in a configuration file.
- You are calling test.describe() in a file that is imported by the configuration file.
- You have two different versions of @playwright/test. This usually happens
  when one of the dependencies in your package.json depends on @playwright/test." type="Error">
Error: Playwright Test did not expect test.describe() to be called here.
Most common reasons include:
- You are calling test.describe() in a configuration file.
- You are calling test.describe() in a file that is imported by the configuration file.
- You have two different versions of @playwright/test. This usually happens
  when one of the dependencies in your package.json depends on @playwright/test.
 ❯ TestTypeImpl._currentSuite node_modules/playwright/lib/common/testType.js:74:13
 ❯ TestTypeImpl._describe node_modules/playwright/lib/common/testType.js:114:24
 ❯ Function.describe node_modules/playwright/lib/transform/transform.js:275:12
 ❯ src/tests/e2e/workflows/user-journey-comprehensive.test.js:29:6
            </failure>
        </testcase>
    </testsuite>
</testsuites>
